  [1m[36m (17.6ms)[0m  [1mCREATE TABLE "schema_migrations" ("version" character varying(255) NOT NULL) [0m
  [1m[35m (2.1ms)[0m  CREATE UNIQUE INDEX  "unique_schema_migrations" ON "schema_migrations"  ("version")
  [1m[36mActiveRecord::SchemaMigration Load (0.4ms)[0m  [1mSELECT "schema_migrations".* FROM "schema_migrations"[0m
Migrating to CreateUsers (20150204223909)
  [1m[35m (0.1ms)[0m  BEGIN
  [1m[36m (4.4ms)[0m  [1mCREATE TABLE "users" ("id" serial primary key, "name" character varying(255), "email" character varying(255), "password_digest" character varying(255), "created_at" timestamp, "updated_at" timestamp) [0m
  [1m[35mSQL (0.4ms)[0m  INSERT INTO "schema_migrations" ("version") VALUES ($1)  [["version", "20150204223909"]]
  [1m[36m (0.8ms)[0m  [1mCOMMIT[0m
  [1m[35mActiveRecord::SchemaMigration Load (0.4ms)[0m  SELECT "schema_migrations".* FROM "schema_migrations"


Started GET "/" for 127.0.0.1 at 2015-02-04 16:51:01 -0600
  [1m[36mActiveRecord::SchemaMigration Load (0.4ms)[0m  [1mSELECT "schema_migrations".* FROM "schema_migrations"[0m
Processing by Rails::WelcomeController#index as HTML
  Rendered /Users/apprentice/.rbenv/versions/2.0.0-p598/lib/ruby/gems/2.0.0/gems/railties-4.1.8/lib/rails/templates/rails/welcome/index.html.erb (1.5ms)
Completed 200 OK in 8ms (Views: 7.5ms | ActiveRecord: 0.0ms)


Started GET "/users/new" for 127.0.0.1 at 2015-02-04 16:51:19 -0600
Processing by UsersController#new as HTML
Completed 500 Internal Server Error in 3ms

LoadError (cannot load such file -- bcrypt):
  app/models/user.rb:2:in `<class:User>'
  app/models/user.rb:1:in `<top (required)>'
  app/controllers/users_controller.rb:4:in `new'


  Rendered /Users/apprentice/.rbenv/versions/2.0.0-p598/lib/ruby/gems/2.0.0/gems/actionpack-4.1.8/lib/action_dispatch/middleware/templates/rescues/_source.erb (0.8ms)
  Rendered /Users/apprentice/.rbenv/versions/2.0.0-p598/lib/ruby/gems/2.0.0/gems/actionpack-4.1.8/lib/action_dispatch/middleware/templates/rescues/_trace.html.erb (1.1ms)
  Rendered /Users/apprentice/.rbenv/versions/2.0.0-p598/lib/ruby/gems/2.0.0/gems/actionpack-4.1.8/lib/action_dispatch/middleware/templates/rescues/_request_and_response.html.erb (31.4ms)
  Rendered /Users/apprentice/.rbenv/versions/2.0.0-p598/lib/ruby/gems/2.0.0/gems/actionpack-4.1.8/lib/action_dispatch/middleware/templates/rescues/diagnostics.erb within rescues/layout (54.0ms)


Started GET "/users/new" for 127.0.0.1 at 2015-02-04 16:51:47 -0600
Processing by UsersController#new as HTML
Completed 500 Internal Server Error in 3ms

LoadError (cannot load such file -- bcrypt):
  app/models/user.rb:2:in `<class:User>'
  app/models/user.rb:1:in `<top (required)>'
  app/controllers/users_controller.rb:4:in `new'


  Rendered /Users/apprentice/.rbenv/versions/2.0.0-p598/lib/ruby/gems/2.0.0/gems/actionpack-4.1.8/lib/action_dispatch/middleware/templates/rescues/_source.erb (0.7ms)
  Rendered /Users/apprentice/.rbenv/versions/2.0.0-p598/lib/ruby/gems/2.0.0/gems/actionpack-4.1.8/lib/action_dispatch/middleware/templates/rescues/_trace.html.erb (1.8ms)
  Rendered /Users/apprentice/.rbenv/versions/2.0.0-p598/lib/ruby/gems/2.0.0/gems/actionpack-4.1.8/lib/action_dispatch/middleware/templates/rescues/_request_and_response.html.erb (1.1ms)
  Rendered /Users/apprentice/.rbenv/versions/2.0.0-p598/lib/ruby/gems/2.0.0/gems/actionpack-4.1.8/lib/action_dispatch/middleware/templates/rescues/diagnostics.erb within rescues/layout (19.2ms)


Started GET "/users/new" for 127.0.0.1 at 2015-02-04 16:51:58 -0600
Processing by UsersController#new as HTML
Completed 500 Internal Server Error in 2ms

LoadError (cannot load such file -- bcrypt):
  app/models/user.rb:2:in `<class:User>'
  app/models/user.rb:1:in `<top (required)>'
  app/controllers/users_controller.rb:4:in `new'


  Rendered /Users/apprentice/.rbenv/versions/2.0.0-p598/lib/ruby/gems/2.0.0/gems/actionpack-4.1.8/lib/action_dispatch/middleware/templates/rescues/_source.erb (0.5ms)
  Rendered /Users/apprentice/.rbenv/versions/2.0.0-p598/lib/ruby/gems/2.0.0/gems/actionpack-4.1.8/lib/action_dispatch/middleware/templates/rescues/_trace.html.erb (1.0ms)
  Rendered /Users/apprentice/.rbenv/versions/2.0.0-p598/lib/ruby/gems/2.0.0/gems/actionpack-4.1.8/lib/action_dispatch/middleware/templates/rescues/_request_and_response.html.erb (1.1ms)
  Rendered /Users/apprentice/.rbenv/versions/2.0.0-p598/lib/ruby/gems/2.0.0/gems/actionpack-4.1.8/lib/action_dispatch/middleware/templates/rescues/diagnostics.erb within rescues/layout (14.4ms)


Started GET "/users/new" for 127.0.0.1 at 2015-02-04 16:52:01 -0600
Processing by UsersController#new as HTML
Completed 500 Internal Server Error in 3ms

LoadError (cannot load such file -- bcrypt):
  app/models/user.rb:2:in `<class:User>'
  app/models/user.rb:1:in `<top (required)>'
  app/controllers/users_controller.rb:4:in `new'


  Rendered /Users/apprentice/.rbenv/versions/2.0.0-p598/lib/ruby/gems/2.0.0/gems/actionpack-4.1.8/lib/action_dispatch/middleware/templates/rescues/_source.erb (0.6ms)
  Rendered /Users/apprentice/.rbenv/versions/2.0.0-p598/lib/ruby/gems/2.0.0/gems/actionpack-4.1.8/lib/action_dispatch/middleware/templates/rescues/_trace.html.erb (1.1ms)
  Rendered /Users/apprentice/.rbenv/versions/2.0.0-p598/lib/ruby/gems/2.0.0/gems/actionpack-4.1.8/lib/action_dispatch/middleware/templates/rescues/_request_and_response.html.erb (1.0ms)
  Rendered /Users/apprentice/.rbenv/versions/2.0.0-p598/lib/ruby/gems/2.0.0/gems/actionpack-4.1.8/lib/action_dispatch/middleware/templates/rescues/diagnostics.erb within rescues/layout (15.1ms)


Started GET "/users/new" for 127.0.0.1 at 2015-02-04 16:52:23 -0600
Processing by UsersController#new as HTML
Completed 500 Internal Server Error in 3ms

LoadError (cannot load such file -- bcrypt):
  app/models/user.rb:2:in `<class:User>'
  app/models/user.rb:1:in `<top (required)>'
  app/controllers/users_controller.rb:4:in `new'


  Rendered /Users/apprentice/.rbenv/versions/2.0.0-p598/lib/ruby/gems/2.0.0/gems/actionpack-4.1.8/lib/action_dispatch/middleware/templates/rescues/_source.erb (0.8ms)
  Rendered /Users/apprentice/.rbenv/versions/2.0.0-p598/lib/ruby/gems/2.0.0/gems/actionpack-4.1.8/lib/action_dispatch/middleware/templates/rescues/_trace.html.erb (1.4ms)
  Rendered /Users/apprentice/.rbenv/versions/2.0.0-p598/lib/ruby/gems/2.0.0/gems/actionpack-4.1.8/lib/action_dispatch/middleware/templates/rescues/_request_and_response.html.erb (1.5ms)
  Rendered /Users/apprentice/.rbenv/versions/2.0.0-p598/lib/ruby/gems/2.0.0/gems/actionpack-4.1.8/lib/action_dispatch/middleware/templates/rescues/diagnostics.erb within rescues/layout (16.6ms)


Started GET "/users/new" for 127.0.0.1 at 2015-02-04 16:54:19 -0600
Processing by UsersController#new as HTML
Completed 500 Internal Server Error in 2ms

LoadError (cannot load such file -- bcrypt):
  app/models/user.rb:1:in `<top (required)>'
  app/controllers/users_controller.rb:4:in `new'


  Rendered /Users/apprentice/.rbenv/versions/2.0.0-p598/lib/ruby/gems/2.0.0/gems/actionpack-4.1.8/lib/action_dispatch/middleware/templates/rescues/_source.erb (0.7ms)
  Rendered /Users/apprentice/.rbenv/versions/2.0.0-p598/lib/ruby/gems/2.0.0/gems/actionpack-4.1.8/lib/action_dispatch/middleware/templates/rescues/_trace.html.erb (1.1ms)
  Rendered /Users/apprentice/.rbenv/versions/2.0.0-p598/lib/ruby/gems/2.0.0/gems/actionpack-4.1.8/lib/action_dispatch/middleware/templates/rescues/_request_and_response.html.erb (1.2ms)
  Rendered /Users/apprentice/.rbenv/versions/2.0.0-p598/lib/ruby/gems/2.0.0/gems/actionpack-4.1.8/lib/action_dispatch/middleware/templates/rescues/diagnostics.erb within rescues/layout (15.0ms)


Started GET "/users/new" for 127.0.0.1 at 2015-02-04 16:55:33 -0600
  [1m[36mActiveRecord::SchemaMigration Load (0.4ms)[0m  [1mSELECT "schema_migrations".* FROM "schema_migrations"[0m
Processing by UsersController#new as HTML
  Rendered users/new.html.erb within layouts/application (0.9ms)
Completed 200 OK in 172ms (Views: 167.7ms | ActiveRecord: 1.7ms)


Started GET "/assets/application.js?body=1" for 127.0.0.1 at 2015-02-04 16:55:33 -0600


Started GET "/assets/jquery.js?body=1" for 127.0.0.1 at 2015-02-04 16:55:33 -0600


Started GET "/assets/application.css?body=1" for 127.0.0.1 at 2015-02-04 16:55:33 -0600


Started GET "/assets/jquery_ujs.js?body=1" for 127.0.0.1 at 2015-02-04 16:55:33 -0600


Started GET "/users/new" for 127.0.0.1 at 2015-02-04 17:00:25 -0600
Processing by UsersController#new as HTML
  Rendered users/new.html.erb within layouts/application (93.4ms)
Completed 200 OK in 112ms (Views: 111.9ms | ActiveRecord: 0.0ms)


Started GET "/assets/application.css?body=1" for 127.0.0.1 at 2015-02-04 17:00:25 -0600


Started GET "/assets/application.js?body=1" for 127.0.0.1 at 2015-02-04 17:00:25 -0600


Started GET "/assets/jquery.js?body=1" for 127.0.0.1 at 2015-02-04 17:00:25 -0600


Started GET "/assets/jquery_ujs.js?body=1" for 127.0.0.1 at 2015-02-04 17:00:25 -0600


Started GET "/users/new" for 127.0.0.1 at 2015-02-04 17:01:18 -0600
Processing by UsersController#new as HTML
  Rendered users/new.html.erb within layouts/application (2.8ms)
Completed 200 OK in 23ms (Views: 22.6ms | ActiveRecord: 0.0ms)


Started GET "/assets/application.css?body=1" for 127.0.0.1 at 2015-02-04 17:01:18 -0600


Started GET "/assets/jquery_ujs.js?body=1" for 127.0.0.1 at 2015-02-04 17:01:18 -0600


Started GET "/assets/jquery.js?body=1" for 127.0.0.1 at 2015-02-04 17:01:18 -0600


Started GET "/assets/application.js?body=1" for 127.0.0.1 at 2015-02-04 17:01:18 -0600


Started GET "/users/new" for 127.0.0.1 at 2015-02-04 17:02:26 -0600
Processing by UsersController#new as HTML
  Rendered users/new.html.erb within layouts/application (3.1ms)
Completed 200 OK in 48ms (Views: 47.9ms | ActiveRecord: 0.0ms)


Started GET "/assets/application.css?body=1" for 127.0.0.1 at 2015-02-04 17:02:26 -0600


Started GET "/assets/application.js?body=1" for 127.0.0.1 at 2015-02-04 17:02:26 -0600


Started GET "/assets/jquery_ujs.js?body=1" for 127.0.0.1 at 2015-02-04 17:02:26 -0600


Started GET "/assets/jquery.js?body=1" for 127.0.0.1 at 2015-02-04 17:02:26 -0600


Started GET "/users/new" for 127.0.0.1 at 2015-02-04 17:03:30 -0600
Processing by UsersController#new as HTML
  Rendered users/new.html.erb within layouts/application (13.0ms)
Completed 500 Internal Server Error in 20ms

ActionView::Template::Error (undefined method `email' for #<ActionView::Helpers::FormBuilder:0x007fe0350b5668>):
     9:   </p>
    10:   <p>
    11:     <%= f.label :email %>
    12:     <%= f.email :email %>
    13:   </p>
    14:   <p>
    15:     <%= f.label :password %>
  app/views/users/new.html.erb:12:in `block in _app_views_users_new_html_erb___3452902477742552945_70300455588500'
  app/views/users/new.html.erb:4:in `_app_views_users_new_html_erb___3452902477742552945_70300455588500'


  Rendered /Users/apprentice/.rbenv/versions/2.0.0-p598/lib/ruby/gems/2.0.0/gems/actionpack-4.1.8/lib/action_dispatch/middleware/templates/rescues/_trace.html.erb (1.3ms)
  Rendered /Users/apprentice/.rbenv/versions/2.0.0-p598/lib/ruby/gems/2.0.0/gems/actionpack-4.1.8/lib/action_dispatch/middleware/templates/rescues/_request_and_response.html.erb (1.2ms)
  Rendered /Users/apprentice/.rbenv/versions/2.0.0-p598/lib/ruby/gems/2.0.0/gems/actionpack-4.1.8/lib/action_dispatch/middleware/templates/rescues/template_error.html.erb within rescues/layout (11.8ms)


Started GET "/users/new" for 127.0.0.1 at 2015-02-04 17:03:39 -0600
Processing by UsersController#new as HTML
  Rendered users/new.html.erb within layouts/application (7.4ms)
Completed 500 Internal Server Error in 10ms

ActionView::Template::Error (undefined method `password' for #<ActionView::Helpers::FormBuilder:0x007fe03566cae8>):
    13:   </p>
    14:   <p>
    15:     <%= f.label :password %>
    16:     <%= f.password :password %>
    17:   </p>
    18: 
    19:   <p>
  app/views/users/new.html.erb:16:in `block in _app_views_users_new_html_erb___3452902477742552945_70300472600800'
  app/views/users/new.html.erb:4:in `_app_views_users_new_html_erb___3452902477742552945_70300472600800'


  Rendered /Users/apprentice/.rbenv/versions/2.0.0-p598/lib/ruby/gems/2.0.0/gems/actionpack-4.1.8/lib/action_dispatch/middleware/templates/rescues/_trace.html.erb (1.7ms)
  Rendered /Users/apprentice/.rbenv/versions/2.0.0-p598/lib/ruby/gems/2.0.0/gems/actionpack-4.1.8/lib/action_dispatch/middleware/templates/rescues/_request_and_response.html.erb (1.9ms)
  Rendered /Users/apprentice/.rbenv/versions/2.0.0-p598/lib/ruby/gems/2.0.0/gems/actionpack-4.1.8/lib/action_dispatch/middleware/templates/rescues/template_error.html.erb within rescues/layout (16.2ms)


Started GET "/users/new" for 127.0.0.1 at 2015-02-04 17:03:41 -0600
Processing by UsersController#new as HTML
  Rendered users/new.html.erb within layouts/application (7.5ms)
Completed 500 Internal Server Error in 9ms

ActionView::Template::Error (undefined method `password' for #<ActionView::Helpers::FormBuilder:0x007fe037911f58>):
    13:   </p>
    14:   <p>
    15:     <%= f.label :password %>
    16:     <%= f.password :password %>
    17:   </p>
    18: 
    19:   <p>
  app/views/users/new.html.erb:16:in `block in _app_views_users_new_html_erb___3452902477742552945_70300472600800'
  app/views/users/new.html.erb:4:in `_app_views_users_new_html_erb___3452902477742552945_70300472600800'


  Rendered /Users/apprentice/.rbenv/versions/2.0.0-p598/lib/ruby/gems/2.0.0/gems/actionpack-4.1.8/lib/action_dispatch/middleware/templates/rescues/_trace.html.erb (1.1ms)
  Rendered /Users/apprentice/.rbenv/versions/2.0.0-p598/lib/ruby/gems/2.0.0/gems/actionpack-4.1.8/lib/action_dispatch/middleware/templates/rescues/_request_and_response.html.erb (1.3ms)
  Rendered /Users/apprentice/.rbenv/versions/2.0.0-p598/lib/ruby/gems/2.0.0/gems/actionpack-4.1.8/lib/action_dispatch/middleware/templates/rescues/template_error.html.erb within rescues/layout (11.9ms)


Started GET "/users/new" for 127.0.0.1 at 2015-02-04 17:34:18 -0600
Processing by UsersController#new as HTML
  Rendered users/new.html.erb within layouts/application (6.7ms)
Completed 500 Internal Server Error in 9ms

ActionView::Template::Error (undefined method `password_field_tag' for #<ActionView::Helpers::FormBuilder:0x007fe03519c1a8>):
    13:   </p>
    14:   <p>
    15:     <%= f.label :password %>
    16:     <%= f.password_field_tag :password %>
    17:   </p>
    18: 
    19:   <p>
  app/views/users/new.html.erb:16:in `block in _app_views_users_new_html_erb___3452902477742552945_70300469780580'
  app/views/users/new.html.erb:4:in `_app_views_users_new_html_erb___3452902477742552945_70300469780580'


  Rendered /Users/apprentice/.rbenv/versions/2.0.0-p598/lib/ruby/gems/2.0.0/gems/actionpack-4.1.8/lib/action_dispatch/middleware/templates/rescues/_trace.html.erb (1.1ms)
  Rendered /Users/apprentice/.rbenv/versions/2.0.0-p598/lib/ruby/gems/2.0.0/gems/actionpack-4.1.8/lib/action_dispatch/middleware/templates/rescues/_request_and_response.html.erb (1.2ms)
  Rendered /Users/apprentice/.rbenv/versions/2.0.0-p598/lib/ruby/gems/2.0.0/gems/actionpack-4.1.8/lib/action_dispatch/middleware/templates/rescues/template_error.html.erb within rescues/layout (10.9ms)
